c:\users\makhn\downloads\os_lab_6-20200528t184741z-001\os_lab_6\server\x64\debug\vc141.pdb
c:\users\makhn\downloads\os_lab_6-20200528t184741z-001\os_lab_6\server\x64\debug\vc141.idb
c:\users\makhn\downloads\os_lab_6-20200528t184741z-001\os_lab_6\server\x64\debug\source.obj
c:\users\светлана\desktop\работы 2 курс\ос\лаб4\лаб5_\os_lab_6-20200528t184741z-001\os_lab_6\server\x64\debug\vc143.pdb
c:\users\светлана\desktop\работы 2 курс\ос\лаб4\лаб5_\os_lab_6-20200528t184741z-001\os_lab_6\server\x64\debug\vc143.idb
c:\users\светлана\desktop\работы 2 курс\ос\лаб4\лаб5_\os_lab_6-20200528t184741z-001\os_lab_6\server\x64\debug\server.obj
c:\users\makhn\downloads\os_lab_6-20200528t184741z-001\os_lab_6\x64\debug\server.exe
c:\users\makhn\downloads\os_lab_6-20200528t184741z-001\os_lab_6\x64\debug\server.ilk
c:\users\makhn\downloads\os_lab_6-20200528t184741z-001\os_lab_6\x64\debug\server.pdb
c:\users\светлана\desktop\работы 2 курс\ос\лаб4\лаб5_\os_lab_6-20200528t184741z-001\os_lab_6\server\x64\debug\source.obj
c:\users\светлана\desktop\работы 2 курс\ос\лаб4\лаб5_\os_lab_6-20200528t184741z-001\os_lab_6\server\x64\debug\vc141.idb
c:\users\светлана\desktop\работы 2 курс\ос\лаб4\лаб5_\os_lab_6-20200528t184741z-001\os_lab_6\server\x64\debug\vc141.pdb
c:\users\светлана\desktop\работы 2 курс\ос\лаб4\лаб5_\os_lab_6-20200528t184741z-001\os_lab_6\x64\debug\server.pdb
c:\users\светлана\desktop\работы 2 курс\ос\лаб4\лаб5_\os_lab_6-20200528t184741z-001\os_lab_6\x64\debug\server.ilk
c:\users\светлана\desktop\работы 2 курс\ос\лаб4\лаб5_\os_lab_6-20200528t184741z-001\os_lab_6\server\x64\debug\server.tlog\cl.command.1.tlog
c:\users\светлана\desktop\работы 2 курс\ос\лаб4\лаб5_\os_lab_6-20200528t184741z-001\os_lab_6\server\x64\debug\server.tlog\cl.read.1.tlog
c:\users\светлана\desktop\работы 2 курс\ос\лаб4\лаб5_\os_lab_6-20200528t184741z-001\os_lab_6\server\x64\debug\server.tlog\cl.write.1.tlog
c:\users\светлана\desktop\работы 2 курс\ос\лаб4\лаб5_\os_lab_6-20200528t184741z-001\os_lab_6\server\x64\debug\server.tlog\link.command.1.tlog
c:\users\светлана\desktop\работы 2 курс\ос\лаб4\лаб5_\os_lab_6-20200528t184741z-001\os_lab_6\server\x64\debug\server.tlog\link.read.1.tlog
c:\users\светлана\desktop\работы 2 курс\ос\лаб4\лаб5_\os_lab_6-20200528t184741z-001\os_lab_6\server\x64\debug\server.tlog\link.write.1.tlog
